<?xml version="1.0" encoding="UTF-8"?>
<coverage generated="1689956405761" clover="3.2.0">
  <project timestamp="1689956405761" name="All files">
    <metrics statements="15" coveredstatements="2" conditionals="0" coveredconditionals="0" methods="3" coveredmethods="0" elements="18" coveredelements="2" complexity="0" loc="15" ncloc="15" packages="1" files="1" classes="1"/>
    <file name="streamController.ts" path="/Users/davidan/NextInspect App - Latest/NextInspect/npm-package/src/controllers/streamController.ts">
      <metrics statements="15" coveredstatements="2" conditionals="0" coveredconditionals="0" methods="3" coveredmethods="0"/>
      <line num="7" count="1" type="stmt"/>
      <line num="9" count="1" type="stmt"/>
      <line num="14" count="0" type="stmt"/>
      <line num="15" count="0" type="stmt"/>
      <line num="16" count="0" type="stmt"/>
      <line num="18" count="0" type="stmt"/>
      <line num="23" count="0" type="stmt"/>
      <line num="25" count="0" type="stmt"/>
      <line num="26" count="0" type="stmt"/>
      <line num="27" count="0" type="stmt"/>
      <line num="28" count="0" type="stmt"/>
      <line num="30" count="0" type="stmt"/>
      <line num="31" count="0" type="stmt"/>
      <line num="32" count="0" type="stmt"/>
      <line num="44" count="0" type="stmt"/>
    </file>
  </project>
</coverage>
