{"/Users/davidan/NextInspect App - Latest/NextInspect/npm-package/src/app.ts": {"path":"/Users/davidan/NextInspect App - Latest/NextInspect/npm-package/src/app.ts","statementMap":{"0":{"start":{"line":6,"column":21},"end":{"line":6,"column":30}},"1":{"start":{"line":8,"column":0},"end":{"line":8,"column":16}},"2":{"start":{"line":9,"column":0},"end":{"line":9,"column":24}},"3":{"start":{"line":10,"column":0},"end":{"line":10,"column":46}},"4":{"start":{"line":12,"column":0},"end":{"line":12,"column":32}},"5":{"start":{"line":15,"column":0},"end":{"line":25,"column":3}},"6":{"start":{"line":16,"column":39},"end":{"line":20,"column":5}},"7":{"start":{"line":22,"column":19},"end":{"line":22,"column":55}},"8":{"start":{"line":23,"column":4},"end":{"line":23,"column":34}},"9":{"start":{"line":24,"column":4},"end":{"line":24,"column":56}}},"fnMap":{"0":{"name":"(anonymous_0)","decl":{"start":{"line":15,"column":8},"end":{"line":15,"column":9}},"loc":{"start":{"line":15,"column":87},"end":{"line":25,"column":1}},"line":15}},"branchMap":{},"s":{"0":1,"1":1,"2":1,"3":1,"4":1,"5":1,"6":0,"7":0,"8":0,"9":0},"f":{"0":0},"b":{},"_coverageSchema":"1a1c01bbd47fc00a2c39e90264f33305004495a9","hash":"cb7f10167ede2890b55e32bea38082d8d392c2b2"}
,"/Users/davidan/NextInspect App - Latest/NextInspect/npm-package/src/controllers/otelController.ts": {"path":"/Users/davidan/NextInspect App - Latest/NextInspect/npm-package/src/controllers/otelController.ts","statementMap":{"0":{"start":{"line":14,"column":19},"end":{"line":14,"column":45}},"1":{"start":{"line":15,"column":4},"end":{"line":15,"column":18}},"2":{"start":{"line":19,"column":50},"end":{"line":90,"column":1}},"3":{"start":{"line":21,"column":25},"end":{"line":21,"column":27}},"4":{"start":{"line":24,"column":4},"end":{"line":26,"column":7}},"5":{"start":{"line":25,"column":8},"end":{"line":25,"column":80}},"6":{"start":{"line":28,"column":6},"end":{"line":30,"column":7}},"7":{"start":{"line":29,"column":8},"end":{"line":29,"column":78}},"8":{"start":{"line":32,"column":6},"end":{"line":34,"column":7}},"9":{"start":{"line":33,"column":8},"end":{"line":33,"column":98}},"10":{"start":{"line":36,"column":6},"end":{"line":38,"column":7}},"11":{"start":{"line":37,"column":8},"end":{"line":37,"column":103}},"12":{"start":{"line":40,"column":6},"end":{"line":43,"column":7}},"13":{"start":{"line":41,"column":8},"end":{"line":41,"column":76}},"14":{"start":{"line":42,"column":8},"end":{"line":42,"column":74}},"15":{"start":{"line":46,"column":27},"end":{"line":46,"column":86}},"16":{"start":{"line":47,"column":6},"end":{"line":53,"column":7}},"17":{"start":{"line":47,"column":19},"end":{"line":47,"column":20}},"18":{"start":{"line":48,"column":8},"end":{"line":48,"column":101}},"19":{"start":{"line":48,"column":56},"end":{"line":48,"column":101}},"20":{"start":{"line":49,"column":8},"end":{"line":49,"column":101}},"21":{"start":{"line":49,"column":51},"end":{"line":49,"column":101}},"22":{"start":{"line":50,"column":8},"end":{"line":50,"column":97}},"23":{"start":{"line":50,"column":51},"end":{"line":50,"column":97}},"24":{"start":{"line":51,"column":8},"end":{"line":51,"column":123}},"25":{"start":{"line":51,"column":80},"end":{"line":51,"column":123}},"26":{"start":{"line":52,"column":8},"end":{"line":52,"column":99}},"27":{"start":{"line":52,"column":51},"end":{"line":52,"column":99}},"28":{"start":{"line":59,"column":4},"end":{"line":61,"column":5}},"29":{"start":{"line":60,"column":6},"end":{"line":60,"column":56}},"30":{"start":{"line":62,"column":4},"end":{"line":62,"column":102}},"31":{"start":{"line":63,"column":4},"end":{"line":63,"column":98}},"32":{"start":{"line":65,"column":4},"end":{"line":65,"column":52}},"33":{"start":{"line":65,"column":35},"end":{"line":65,"column":52}},"34":{"start":{"line":67,"column":4},"end":{"line":67,"column":36}},"35":{"start":{"line":69,"column":4},"end":{"line":69,"column":17}},"36":{"start":{"line":73,"column":25},"end":{"line":73,"column":84}},"37":{"start":{"line":74,"column":26},"end":{"line":74,"column":89}},"38":{"start":{"line":76,"column":4},"end":{"line":78,"column":5}},"39":{"start":{"line":77,"column":8},"end":{"line":77,"column":49}},"40":{"start":{"line":80,"column":27},"end":{"line":80,"column":89}},"41":{"start":{"line":81,"column":4},"end":{"line":84,"column":5}},"42":{"start":{"line":82,"column":22},"end":{"line":82,"column":66}},"43":{"start":{"line":83,"column":8},"end":{"line":83,"column":49}},"44":{"start":{"line":86,"column":4},"end":{"line":86,"column":100}},"45":{"start":{"line":86,"column":45},"end":{"line":86,"column":100}},"46":{"start":{"line":88,"column":4},"end":{"line":88,"column":15}}},"fnMap":{"0":{"name":"unixNanoToMS","decl":{"start":{"line":13,"column":9},"end":{"line":13,"column":21}},"loc":{"start":{"line":13,"column":48},"end":{"line":16,"column":1}},"line":13},"1":{"name":"(anonymous_1)","decl":{"start":{"line":20,"column":19},"end":{"line":20,"column":20}},"loc":{"start":{"line":20,"column":72},"end":{"line":70,"column":3}},"line":20},"2":{"name":"(anonymous_2)","decl":{"start":{"line":72,"column":20},"end":{"line":72,"column":21}},"loc":{"start":{"line":72,"column":54},"end":{"line":89,"column":3}},"line":72}},"branchMap":{"0":{"loc":{"start":{"line":24,"column":4},"end":{"line":26,"column":7}},"type":"if","locations":[{"start":{"line":24,"column":4},"end":{"line":26,"column":7}},{"start":{},"end":{}}],"line":24},"1":{"loc":{"start":{"line":28,"column":6},"end":{"line":30,"column":7}},"type":"if","locations":[{"start":{"line":28,"column":6},"end":{"line":30,"column":7}},{"start":{},"end":{}}],"line":28},"2":{"loc":{"start":{"line":32,"column":6},"end":{"line":34,"column":7}},"type":"if","locations":[{"start":{"line":32,"column":6},"end":{"line":34,"column":7}},{"start":{},"end":{}}],"line":32},"3":{"loc":{"start":{"line":36,"column":6},"end":{"line":38,"column":7}},"type":"if","locations":[{"start":{"line":36,"column":6},"end":{"line":38,"column":7}},{"start":{},"end":{}}],"line":36},"4":{"loc":{"start":{"line":40,"column":6},"end":{"line":43,"column":7}},"type":"if","locations":[{"start":{"line":40,"column":6},"end":{"line":43,"column":7}},{"start":{},"end":{}}],"line":40},"5":{"loc":{"start":{"line":48,"column":8},"end":{"line":48,"column":101}},"type":"if","locations":[{"start":{"line":48,"column":8},"end":{"line":48,"column":101}},{"start":{},"end":{}}],"line":48},"6":{"loc":{"start":{"line":49,"column":8},"end":{"line":49,"column":101}},"type":"if","locations":[{"start":{"line":49,"column":8},"end":{"line":49,"column":101}},{"start":{},"end":{}}],"line":49},"7":{"loc":{"start":{"line":50,"column":8},"end":{"line":50,"column":97}},"type":"if","locations":[{"start":{"line":50,"column":8},"end":{"line":50,"column":97}},{"start":{},"end":{}}],"line":50},"8":{"loc":{"start":{"line":51,"column":8},"end":{"line":51,"column":123}},"type":"if","locations":[{"start":{"line":51,"column":8},"end":{"line":51,"column":123}},{"start":{},"end":{}}],"line":51},"9":{"loc":{"start":{"line":52,"column":8},"end":{"line":52,"column":99}},"type":"if","locations":[{"start":{"line":52,"column":8},"end":{"line":52,"column":99}},{"start":{},"end":{}}],"line":52},"10":{"loc":{"start":{"line":59,"column":4},"end":{"line":61,"column":5}},"type":"if","locations":[{"start":{"line":59,"column":4},"end":{"line":61,"column":5}},{"start":{},"end":{}}],"line":59},"11":{"loc":{"start":{"line":65,"column":4},"end":{"line":65,"column":52}},"type":"if","locations":[{"start":{"line":65,"column":4},"end":{"line":65,"column":52}},{"start":{},"end":{}}],"line":65},"12":{"loc":{"start":{"line":76,"column":4},"end":{"line":78,"column":5}},"type":"if","locations":[{"start":{"line":76,"column":4},"end":{"line":78,"column":5}},{"start":{},"end":{}}],"line":76},"13":{"loc":{"start":{"line":81,"column":4},"end":{"line":84,"column":5}},"type":"if","locations":[{"start":{"line":81,"column":4},"end":{"line":84,"column":5}},{"start":{},"end":{}}],"line":81},"14":{"loc":{"start":{"line":86,"column":4},"end":{"line":86,"column":100}},"type":"if","locations":[{"start":{"line":86,"column":4},"end":{"line":86,"column":100}},{"start":{},"end":{}}],"line":86}},"s":{"0":10,"1":10,"2":2,"3":5,"4":5,"5":4,"6":5,"7":4,"8":5,"9":5,"10":5,"11":4,"12":5,"13":4,"14":4,"15":5,"16":5,"17":5,"18":45,"19":4,"20":45,"21":4,"22":45,"23":4,"24":45,"25":4,"26":45,"27":4,"28":5,"29":1,"30":5,"31":5,"32":5,"33":1,"34":5,"35":5,"36":2,"37":2,"38":2,"39":2,"40":2,"41":2,"42":0,"43":0,"44":2,"45":0,"46":2},"f":{"0":10,"1":5,"2":2},"b":{"0":[4,1],"1":[4,1],"2":[5,0],"3":[4,1],"4":[4,1],"5":[4,41],"6":[4,41],"7":[4,41],"8":[4,41],"9":[4,41],"10":[1,4],"11":[1,4],"12":[2,0],"13":[0,2],"14":[0,2]},"_coverageSchema":"1a1c01bbd47fc00a2c39e90264f33305004495a9","hash":"0bd4a18f071c6f3dbcf772faa382c7c7e24e0e50"}
,"/Users/davidan/NextInspect App - Latest/NextInspect/npm-package/src/controllers/streamController.ts": {"path":"/Users/davidan/NextInspect App - Latest/NextInspect/npm-package/src/controllers/streamController.ts","statementMap":{"0":{"start":{"line":7,"column":25},"end":{"line":7,"column":43}},"1":{"start":{"line":9,"column":32},"end":{"line":44,"column":1}},"2":{"start":{"line":14,"column":8},"end":{"line":19,"column":9}},"3":{"start":{"line":15,"column":12},"end":{"line":15,"column":76}},"4":{"start":{"line":16,"column":12},"end":{"line":16,"column":26}},"5":{"start":{"line":18,"column":12},"end":{"line":18,"column":29}},"6":{"start":{"line":23,"column":8},"end":{"line":42,"column":9}},"7":{"start":{"line":24,"column":12},"end":{"line":24,"column":63}},"8":{"start":{"line":25,"column":12},"end":{"line":25,"column":55}},"9":{"start":{"line":26,"column":12},"end":{"line":26,"column":54}},"10":{"start":{"line":27,"column":12},"end":{"line":27,"column":62}},"11":{"start":{"line":28,"column":12},"end":{"line":38,"column":14}},"12":{"start":{"line":29,"column":35},"end":{"line":29,"column":55}},"13":{"start":{"line":30,"column":16},"end":{"line":30,"column":56}},"14":{"start":{"line":41,"column":12},"end":{"line":41,"column":29}}},"fnMap":{"0":{"name":"(anonymous_0)","decl":{"start":{"line":10,"column":15},"end":{"line":10,"column":16}},"loc":{"start":{"line":10,"column":68},"end":{"line":20,"column":5}},"line":10},"1":{"name":"(anonymous_1)","decl":{"start":{"line":22,"column":15},"end":{"line":22,"column":16}},"loc":{"start":{"line":22,"column":68},"end":{"line":43,"column":5}},"line":22},"2":{"name":"(anonymous_2)","decl":{"start":{"line":28,"column":48},"end":{"line":28,"column":49}},"loc":{"start":{"line":28,"column":68},"end":{"line":38,"column":13}},"line":28}},"branchMap":{},"s":{"0":2,"1":2,"2":4,"3":4,"4":4,"5":0,"6":1,"7":1,"8":1,"9":1,"10":1,"11":1,"12":0,"13":0,"14":0},"f":{"0":4,"1":1,"2":0},"b":{},"_coverageSchema":"1a1c01bbd47fc00a2c39e90264f33305004495a9","hash":"7eaba568932eca9a3fd6cc6ab8db6bc28f22913d"}
,"/Users/davidan/NextInspect App - Latest/NextInspect/npm-package/src/routers/streamRouter.ts": {"path":"/Users/davidan/NextInspect App - Latest/NextInspect/npm-package/src/routers/streamRouter.ts","statementMap":{"0":{"start":{"line":5,"column":21},"end":{"line":5,"column":29}},"1":{"start":{"line":7,"column":0},"end":{"line":8,"column":2}},"2":{"start":{"line":10,"column":0},"end":{"line":12,"column":2}},"3":{"start":{"line":11,"column":4},"end":{"line":11,"column":32}}},"fnMap":{"0":{"name":"(anonymous_0)","decl":{"start":{"line":7,"column":53},"end":{"line":7,"column":54}},"loc":{"start":{"line":7,"column":86},"end":{"line":8,"column":1}},"line":7},"1":{"name":"(anonymous_1)","decl":{"start":{"line":10,"column":87},"end":{"line":10,"column":88}},"loc":{"start":{"line":10,"column":120},"end":{"line":12,"column":1}},"line":10}},"branchMap":{},"s":{"0":1,"1":1,"2":1,"3":2},"f":{"0":0,"1":2},"b":{},"_coverageSchema":"1a1c01bbd47fc00a2c39e90264f33305004495a9","hash":"4f29a3d010b5a6a37344b7217a8aaf7c9a995fbf"}
}
