{"/Users/davidan/NextInspect - David Test/NextInspect/npm-package/src/tracer.ts": {"path":"/Users/davidan/NextInspect - David Test/NextInspect/npm-package/src/tracer.ts","statementMap":{"0":{"start":{"line":15,"column":27},"end":{"line":55,"column":1}},"1":{"start":{"line":25,"column":21},"end":{"line":32,"column":6}},"2":{"start":{"line":35,"column":37},"end":{"line":35,"column":104}},"3":{"start":{"line":38,"column":4},"end":{"line":38,"column":81}},"4":{"start":{"line":39,"column":4},"end":{"line":39,"column":24}},"5":{"start":{"line":41,"column":4},"end":{"line":50,"column":6}},"6":{"start":{"line":45,"column":20},"end":{"line":45,"column":97}},"7":{"start":{"line":52,"column":19},"end":{"line":52,"column":54}},"8":{"start":{"line":54,"column":4},"end":{"line":54,"column":22}}},"fnMap":{"0":{"name":"(anonymous_0)","decl":{"start":{"line":15,"column":27},"end":{"line":15,"column":28}},"loc":{"start":{"line":15,"column":70},"end":{"line":55,"column":1}},"line":15},"1":{"name":"(anonymous_1)","decl":{"start":{"line":44,"column":29},"end":{"line":44,"column":30}},"loc":{"start":{"line":44,"column":52},"end":{"line":46,"column":17}},"line":44}},"branchMap":{},"s":{"0":1,"1":1,"2":1,"3":1,"4":1,"5":1,"6":0,"7":1,"8":1},"f":{"0":1,"1":0},"b":{},"_coverageSchema":"1a1c01bbd47fc00a2c39e90264f33305004495a9","hash":"a1ceb3316aa24c0896d68b89baa4f5972c1185c0"}
,"/Users/davidan/NextInspect - David Test/NextInspect/npm-package/src/controllers/otelController.ts": {"path":"/Users/davidan/NextInspect - David Test/NextInspect/npm-package/src/controllers/otelController.ts","statementMap":{"0":{"start":{"line":14,"column":19},"end":{"line":14,"column":45}},"1":{"start":{"line":15,"column":4},"end":{"line":15,"column":18}},"2":{"start":{"line":19,"column":50},"end":{"line":91,"column":1}},"3":{"start":{"line":21,"column":25},"end":{"line":21,"column":27}},"4":{"start":{"line":23,"column":4},"end":{"line":25,"column":7}},"5":{"start":{"line":24,"column":8},"end":{"line":24,"column":80}},"6":{"start":{"line":27,"column":6},"end":{"line":29,"column":7}},"7":{"start":{"line":28,"column":8},"end":{"line":28,"column":78}},"8":{"start":{"line":31,"column":6},"end":{"line":33,"column":7}},"9":{"start":{"line":32,"column":8},"end":{"line":32,"column":98}},"10":{"start":{"line":35,"column":6},"end":{"line":37,"column":7}},"11":{"start":{"line":36,"column":8},"end":{"line":36,"column":103}},"12":{"start":{"line":39,"column":6},"end":{"line":42,"column":7}},"13":{"start":{"line":40,"column":8},"end":{"line":40,"column":76}},"14":{"start":{"line":41,"column":8},"end":{"line":41,"column":74}},"15":{"start":{"line":46,"column":27},"end":{"line":46,"column":86}},"16":{"start":{"line":47,"column":6},"end":{"line":53,"column":7}},"17":{"start":{"line":47,"column":19},"end":{"line":47,"column":20}},"18":{"start":{"line":48,"column":8},"end":{"line":48,"column":101}},"19":{"start":{"line":48,"column":56},"end":{"line":48,"column":101}},"20":{"start":{"line":49,"column":8},"end":{"line":49,"column":101}},"21":{"start":{"line":49,"column":51},"end":{"line":49,"column":101}},"22":{"start":{"line":50,"column":8},"end":{"line":50,"column":97}},"23":{"start":{"line":50,"column":51},"end":{"line":50,"column":97}},"24":{"start":{"line":51,"column":8},"end":{"line":51,"column":123}},"25":{"start":{"line":51,"column":80},"end":{"line":51,"column":123}},"26":{"start":{"line":52,"column":8},"end":{"line":52,"column":99}},"27":{"start":{"line":52,"column":51},"end":{"line":52,"column":99}},"28":{"start":{"line":59,"column":4},"end":{"line":61,"column":5}},"29":{"start":{"line":60,"column":6},"end":{"line":60,"column":56}},"30":{"start":{"line":62,"column":4},"end":{"line":62,"column":102}},"31":{"start":{"line":64,"column":4},"end":{"line":64,"column":98}},"32":{"start":{"line":66,"column":4},"end":{"line":66,"column":52}},"33":{"start":{"line":66,"column":35},"end":{"line":66,"column":52}},"34":{"start":{"line":68,"column":4},"end":{"line":68,"column":36}},"35":{"start":{"line":70,"column":4},"end":{"line":70,"column":17}},"36":{"start":{"line":74,"column":25},"end":{"line":74,"column":84}},"37":{"start":{"line":75,"column":26},"end":{"line":75,"column":89}},"38":{"start":{"line":77,"column":4},"end":{"line":79,"column":5}},"39":{"start":{"line":78,"column":8},"end":{"line":78,"column":49}},"40":{"start":{"line":81,"column":27},"end":{"line":81,"column":89}},"41":{"start":{"line":82,"column":4},"end":{"line":85,"column":5}},"42":{"start":{"line":83,"column":22},"end":{"line":83,"column":66}},"43":{"start":{"line":84,"column":8},"end":{"line":84,"column":49}},"44":{"start":{"line":87,"column":4},"end":{"line":87,"column":100}},"45":{"start":{"line":87,"column":45},"end":{"line":87,"column":100}},"46":{"start":{"line":89,"column":4},"end":{"line":89,"column":15}}},"fnMap":{"0":{"name":"unixNanoToMS","decl":{"start":{"line":13,"column":9},"end":{"line":13,"column":21}},"loc":{"start":{"line":13,"column":48},"end":{"line":16,"column":1}},"line":13},"1":{"name":"(anonymous_1)","decl":{"start":{"line":20,"column":19},"end":{"line":20,"column":20}},"loc":{"start":{"line":20,"column":72},"end":{"line":71,"column":3}},"line":20},"2":{"name":"(anonymous_2)","decl":{"start":{"line":73,"column":20},"end":{"line":73,"column":21}},"loc":{"start":{"line":73,"column":54},"end":{"line":90,"column":3}},"line":73}},"branchMap":{"0":{"loc":{"start":{"line":23,"column":4},"end":{"line":25,"column":7}},"type":"if","locations":[{"start":{"line":23,"column":4},"end":{"line":25,"column":7}},{"start":{},"end":{}}],"line":23},"1":{"loc":{"start":{"line":27,"column":6},"end":{"line":29,"column":7}},"type":"if","locations":[{"start":{"line":27,"column":6},"end":{"line":29,"column":7}},{"start":{},"end":{}}],"line":27},"2":{"loc":{"start":{"line":31,"column":6},"end":{"line":33,"column":7}},"type":"if","locations":[{"start":{"line":31,"column":6},"end":{"line":33,"column":7}},{"start":{},"end":{}}],"line":31},"3":{"loc":{"start":{"line":35,"column":6},"end":{"line":37,"column":7}},"type":"if","locations":[{"start":{"line":35,"column":6},"end":{"line":37,"column":7}},{"start":{},"end":{}}],"line":35},"4":{"loc":{"start":{"line":39,"column":6},"end":{"line":42,"column":7}},"type":"if","locations":[{"start":{"line":39,"column":6},"end":{"line":42,"column":7}},{"start":{},"end":{}}],"line":39},"5":{"loc":{"start":{"line":48,"column":8},"end":{"line":48,"column":101}},"type":"if","locations":[{"start":{"line":48,"column":8},"end":{"line":48,"column":101}},{"start":{},"end":{}}],"line":48},"6":{"loc":{"start":{"line":49,"column":8},"end":{"line":49,"column":101}},"type":"if","locations":[{"start":{"line":49,"column":8},"end":{"line":49,"column":101}},{"start":{},"end":{}}],"line":49},"7":{"loc":{"start":{"line":50,"column":8},"end":{"line":50,"column":97}},"type":"if","locations":[{"start":{"line":50,"column":8},"end":{"line":50,"column":97}},{"start":{},"end":{}}],"line":50},"8":{"loc":{"start":{"line":51,"column":8},"end":{"line":51,"column":123}},"type":"if","locations":[{"start":{"line":51,"column":8},"end":{"line":51,"column":123}},{"start":{},"end":{}}],"line":51},"9":{"loc":{"start":{"line":52,"column":8},"end":{"line":52,"column":99}},"type":"if","locations":[{"start":{"line":52,"column":8},"end":{"line":52,"column":99}},{"start":{},"end":{}}],"line":52},"10":{"loc":{"start":{"line":59,"column":4},"end":{"line":61,"column":5}},"type":"if","locations":[{"start":{"line":59,"column":4},"end":{"line":61,"column":5}},{"start":{},"end":{}}],"line":59},"11":{"loc":{"start":{"line":66,"column":4},"end":{"line":66,"column":52}},"type":"if","locations":[{"start":{"line":66,"column":4},"end":{"line":66,"column":52}},{"start":{},"end":{}}],"line":66},"12":{"loc":{"start":{"line":77,"column":4},"end":{"line":79,"column":5}},"type":"if","locations":[{"start":{"line":77,"column":4},"end":{"line":79,"column":5}},{"start":{},"end":{}}],"line":77},"13":{"loc":{"start":{"line":82,"column":4},"end":{"line":85,"column":5}},"type":"if","locations":[{"start":{"line":82,"column":4},"end":{"line":85,"column":5}},{"start":{},"end":{}}],"line":82},"14":{"loc":{"start":{"line":87,"column":4},"end":{"line":87,"column":100}},"type":"if","locations":[{"start":{"line":87,"column":4},"end":{"line":87,"column":100}},{"start":{},"end":{}}],"line":87}},"s":{"0":4,"1":4,"2":1,"3":2,"4":2,"5":1,"6":2,"7":1,"8":2,"9":2,"10":2,"11":1,"12":2,"13":1,"14":1,"15":2,"16":2,"17":2,"18":21,"19":1,"20":21,"21":1,"22":21,"23":1,"24":21,"25":1,"26":21,"27":1,"28":2,"29":1,"30":2,"31":2,"32":2,"33":1,"34":2,"35":2,"36":2,"37":2,"38":2,"39":2,"40":2,"41":2,"42":0,"43":0,"44":2,"45":0,"46":2},"f":{"0":4,"1":2,"2":2},"b":{"0":[1,1],"1":[1,1],"2":[2,0],"3":[1,1],"4":[1,1],"5":[1,20],"6":[1,20],"7":[1,20],"8":[1,20],"9":[1,20],"10":[1,1],"11":[1,1],"12":[2,0],"13":[0,2],"14":[0,2]},"_coverageSchema":"1a1c01bbd47fc00a2c39e90264f33305004495a9","hash":"31be936ff330f6682b137ed96d3cfac1493afea9"}
,"/Users/davidan/NextInspect - David Test/NextInspect/npm-package/src/controllers/streamController.ts": {"path":"/Users/davidan/NextInspect - David Test/NextInspect/npm-package/src/controllers/streamController.ts","statementMap":{"0":{"start":{"line":7,"column":25},"end":{"line":7,"column":43}},"1":{"start":{"line":9,"column":32},"end":{"line":35,"column":1}},"2":{"start":{"line":14,"column":4},"end":{"line":14,"column":67}},"3":{"start":{"line":15,"column":4},"end":{"line":15,"column":17}},"4":{"start":{"line":19,"column":4},"end":{"line":19,"column":54}},"5":{"start":{"line":20,"column":4},"end":{"line":20,"column":46}},"6":{"start":{"line":21,"column":4},"end":{"line":21,"column":45}},"7":{"start":{"line":22,"column":4},"end":{"line":22,"column":53}},"8":{"start":{"line":23,"column":4},"end":{"line":33,"column":6}},"9":{"start":{"line":24,"column":25},"end":{"line":24,"column":45}},"10":{"start":{"line":25,"column":6},"end":{"line":25,"column":46}}},"fnMap":{"0":{"name":"(anonymous_0)","decl":{"start":{"line":10,"column":13},"end":{"line":10,"column":14}},"loc":{"start":{"line":10,"column":66},"end":{"line":16,"column":3}},"line":10},"1":{"name":"(anonymous_1)","decl":{"start":{"line":18,"column":13},"end":{"line":18,"column":14}},"loc":{"start":{"line":18,"column":66},"end":{"line":34,"column":3}},"line":18},"2":{"name":"(anonymous_2)","decl":{"start":{"line":23,"column":40},"end":{"line":23,"column":41}},"loc":{"start":{"line":23,"column":60},"end":{"line":33,"column":5}},"line":23}},"branchMap":{},"s":{"0":1,"1":1,"2":1,"3":1,"4":1,"5":1,"6":1,"7":1,"8":1,"9":0,"10":0},"f":{"0":1,"1":1,"2":0},"b":{},"_coverageSchema":"1a1c01bbd47fc00a2c39e90264f33305004495a9","hash":"16ad9441aa2e6cfa23603a8f6f228940ead53734"}
,"/Users/davidan/NextInspect - David Test/NextInspect/npm-package/src/tests/mock app/mock-app.ts": {"path":"/Users/davidan/NextInspect - David Test/NextInspect/npm-package/src/tests/mock app/mock-app.ts","statementMap":{"0":{"start":{"line":12,"column":21},"end":{"line":12,"column":30}},"1":{"start":{"line":14,"column":0},"end":{"line":14,"column":15}},"2":{"start":{"line":15,"column":0},"end":{"line":15,"column":23}},"3":{"start":{"line":16,"column":0},"end":{"line":16,"column":47}},"4":{"start":{"line":18,"column":0},"end":{"line":18,"column":37}},"5":{"start":{"line":21,"column":0},"end":{"line":38,"column":1}},"6":{"start":{"line":28,"column":39},"end":{"line":32,"column":5}},"7":{"start":{"line":34,"column":19},"end":{"line":34,"column":55}},"8":{"start":{"line":35,"column":4},"end":{"line":35,"column":20}},"9":{"start":{"line":36,"column":4},"end":{"line":36,"column":55}}},"fnMap":{"0":{"name":"(anonymous_0)","decl":{"start":{"line":22,"column":2},"end":{"line":22,"column":3}},"loc":{"start":{"line":27,"column":7},"end":{"line":37,"column":3}},"line":27}},"branchMap":{},"s":{"0":1,"1":1,"2":1,"3":1,"4":1,"5":1,"6":0,"7":0,"8":0,"9":0},"f":{"0":0},"b":{},"_coverageSchema":"1a1c01bbd47fc00a2c39e90264f33305004495a9","hash":"cd102074133918946f6efb2ade326c7fa8be5d19"}
,"/Users/davidan/NextInspect - David Test/NextInspect/npm-package/src/tests/mock app/mock-router.ts": {"path":"/Users/davidan/NextInspect - David Test/NextInspect/npm-package/src/tests/mock app/mock-router.ts","statementMap":{"0":{"start":{"line":5,"column":21},"end":{"line":5,"column":29}},"1":{"start":{"line":7,"column":0},"end":{"line":9,"column":2}},"2":{"start":{"line":8,"column":2},"end":{"line":8,"column":40}},"3":{"start":{"line":11,"column":0},"end":{"line":13,"column":2}},"4":{"start":{"line":12,"column":2},"end":{"line":12,"column":39}}},"fnMap":{"0":{"name":"(anonymous_0)","decl":{"start":{"line":7,"column":25},"end":{"line":7,"column":26}},"loc":{"start":{"line":7,"column":58},"end":{"line":9,"column":1}},"line":7},"1":{"name":"(anonymous_1)","decl":{"start":{"line":11,"column":27},"end":{"line":11,"column":28}},"loc":{"start":{"line":11,"column":60},"end":{"line":13,"column":1}},"line":11}},"branchMap":{},"s":{"0":1,"1":1,"2":1,"3":1,"4":1},"f":{"0":1,"1":1},"b":{},"_coverageSchema":"1a1c01bbd47fc00a2c39e90264f33305004495a9","hash":"82d36691291f4798ff84ae85f4249e4ce17947ed"}
}
