TN:
SF:src/app.ts
FN:15,(anonymous_0)
FNF:1
FNH:0
FNDA:0,(anonymous_0)
DA:6,1
DA:8,1
DA:9,1
DA:10,1
DA:12,1
DA:15,1
DA:16,0
DA:22,0
DA:23,0
DA:24,0
LF:10
LH:6
BRF:0
BRH:0
end_of_record
TN:
SF:src/controllers/otelController.ts
FN:13,unixNanoToMS
FN:20,(anonymous_1)
FN:72,(anonymous_2)
FNF:3
FNH:3
FNDA:10,unixNanoToMS
FNDA:5,(anonymous_1)
FNDA:2,(anonymous_2)
DA:14,10
DA:15,10
DA:19,2
DA:21,5
DA:24,5
DA:25,4
DA:28,5
DA:29,4
DA:32,5
DA:33,5
DA:36,5
DA:37,4
DA:40,5
DA:41,4
DA:42,4
DA:46,5
DA:47,5
DA:48,45
DA:49,45
DA:50,45
DA:51,45
DA:52,45
DA:59,5
DA:60,1
DA:62,5
DA:63,5
DA:65,5
DA:67,5
DA:69,5
DA:73,2
DA:74,2
DA:76,2
DA:77,2
DA:80,2
DA:81,2
DA:82,0
DA:83,0
DA:86,2
DA:88,2
LF:39
LH:37
BRDA:24,0,0,4
BRDA:24,0,1,1
BRDA:28,1,0,4
BRDA:28,1,1,1
BRDA:32,2,0,5
BRDA:32,2,1,0
BRDA:36,3,0,4
BRDA:36,3,1,1
BRDA:40,4,0,4
BRDA:40,4,1,1
BRDA:48,5,0,4
BRDA:48,5,1,41
BRDA:49,6,0,4
BRDA:49,6,1,41
BRDA:50,7,0,4
BRDA:50,7,1,41
BRDA:51,8,0,4
BRDA:51,8,1,41
BRDA:52,9,0,4
BRDA:52,9,1,41
BRDA:59,10,0,1
BRDA:59,10,1,4
BRDA:65,11,0,1
BRDA:65,11,1,4
BRDA:76,12,0,2
BRDA:76,12,1,0
BRDA:81,13,0,0
BRDA:81,13,1,2
BRDA:86,14,0,0
BRDA:86,14,1,2
BRF:30
BRH:26
end_of_record
TN:
SF:src/controllers/streamController.ts
FN:10,(anonymous_0)
FN:22,(anonymous_1)
FN:28,(anonymous_2)
FNF:3
FNH:2
FNDA:4,(anonymous_0)
FNDA:1,(anonymous_1)
FNDA:0,(anonymous_2)
DA:7,2
DA:9,2
DA:14,4
DA:15,4
DA:16,4
DA:18,0
DA:23,1
DA:24,1
DA:25,1
DA:26,1
DA:27,1
DA:28,1
DA:29,0
DA:30,0
DA:41,0
LF:15
LH:11
BRF:0
BRH:0
end_of_record
TN:
SF:src/routers/streamRouter.ts
FN:7,(anonymous_0)
FN:10,(anonymous_1)
FNF:2
FNH:1
FNDA:0,(anonymous_0)
FNDA:2,(anonymous_1)
DA:5,1
DA:7,1
DA:10,1
DA:11,2
LF:4
LH:4
BRF:0
BRH:0
end_of_record
