TN:
SF:src/tracer.ts
FN:15,(anonymous_0)
FN:44,(anonymous_1)
FNF:2
FNH:1
FNDA:1,(anonymous_0)
FNDA:0,(anonymous_1)
DA:15,1
DA:25,1
DA:35,1
DA:38,1
DA:39,1
DA:41,1
DA:45,0
DA:52,1
DA:54,1
LF:9
LH:8
BRF:0
BRH:0
end_of_record
TN:
SF:src/controllers/otelController.ts
FN:13,unixNanoToMS
FN:20,(anonymous_1)
FN:73,(anonymous_2)
FNF:3
FNH:3
FNDA:4,unixNanoToMS
FNDA:2,(anonymous_1)
FNDA:2,(anonymous_2)
DA:14,4
DA:15,4
DA:19,1
DA:21,2
DA:23,2
DA:24,1
DA:27,2
DA:28,1
DA:31,2
DA:32,2
DA:35,2
DA:36,1
DA:39,2
DA:40,1
DA:41,1
DA:46,2
DA:47,2
DA:48,21
DA:49,21
DA:50,21
DA:51,21
DA:52,21
DA:59,2
DA:60,1
DA:62,2
DA:64,2
DA:66,2
DA:68,2
DA:70,2
DA:74,2
DA:75,2
DA:77,2
DA:78,2
DA:81,2
DA:82,2
DA:83,0
DA:84,0
DA:87,2
DA:89,2
LF:39
LH:37
BRDA:23,0,0,1
BRDA:23,0,1,1
BRDA:27,1,0,1
BRDA:27,1,1,1
BRDA:31,2,0,2
BRDA:31,2,1,0
BRDA:35,3,0,1
BRDA:35,3,1,1
BRDA:39,4,0,1
BRDA:39,4,1,1
BRDA:48,5,0,1
BRDA:48,5,1,20
BRDA:49,6,0,1
BRDA:49,6,1,20
BRDA:50,7,0,1
BRDA:50,7,1,20
BRDA:51,8,0,1
BRDA:51,8,1,20
BRDA:52,9,0,1
BRDA:52,9,1,20
BRDA:59,10,0,1
BRDA:59,10,1,1
BRDA:66,11,0,1
BRDA:66,11,1,1
BRDA:77,12,0,2
BRDA:77,12,1,0
BRDA:82,13,0,0
BRDA:82,13,1,2
BRDA:87,14,0,0
BRDA:87,14,1,2
BRF:30
BRH:26
end_of_record
TN:
SF:src/controllers/streamController.ts
FN:10,(anonymous_0)
FN:18,(anonymous_1)
FN:23,(anonymous_2)
FNF:3
FNH:2
FNDA:1,(anonymous_0)
FNDA:1,(anonymous_1)
FNDA:0,(anonymous_2)
DA:7,1
DA:9,1
DA:14,1
DA:15,1
DA:19,1
DA:20,1
DA:21,1
DA:22,1
DA:23,1
DA:24,0
DA:25,0
LF:11
LH:9
BRF:0
BRH:0
end_of_record
TN:
SF:src/tests/mock app/mock-app.ts
FN:22,(anonymous_0)
FNF:1
FNH:0
FNDA:0,(anonymous_0)
DA:12,1
DA:14,1
DA:15,1
DA:16,1
DA:18,1
DA:21,1
DA:28,0
DA:34,0
DA:35,0
DA:36,0
LF:10
LH:6
BRF:0
BRH:0
end_of_record
TN:
SF:src/tests/mock app/mock-router.ts
FN:7,(anonymous_0)
FN:11,(anonymous_1)
FNF:2
FNH:2
FNDA:1,(anonymous_0)
FNDA:1,(anonymous_1)
DA:5,1
DA:7,1
DA:8,1
DA:11,1
DA:12,1
LF:5
LH:5
BRF:0
BRH:0
end_of_record
